[2025-10-31 09:56:13][DEBUG] fb_move_file_helper 开始
[2025-10-31 09:56:13][DEBUG] run_in_process 开始
[2025-10-31 09:56:13][DEBUG] fb_move_file_helper 在子进程中开始执行文件移动
[2025-10-31 09:56:13][INFO] [Parent 29031] 初始化共享内存
[2025-10-31 09:56:13][INFO] 共享内存初始化成功: file_block, size=1024
[2025-10-31 09:56:13][INFO] [Parent 29031] 创建写进程...
[2025-10-31 09:56:13][INFO] [Parent 29031] 写进程创建成功，PID: 29032
[2025-10-31 09:56:13][INFO] [Parent 29031] 创建读进程...
[2025-10-31 09:56:13][INFO] [Writer 29032] 启动，准备写入共享内存
[2025-10-31 09:56:13][DEBUG] [Writer 29032] 已写入 807 字节到共享内存
[2025-10-31 09:56:13][INFO] [Parent 29031] 读进程创建成功，PID: 29033
[2025-10-31 09:56:13][INFO] [Parent 29031] 等待写进程结束...
[2025-10-31 09:56:13][INFO] [Reader 29033] 启动，准备从共享内存读取数据
[2025-10-31 09:56:13][DEBUG] [Reader 29033] 已写入目标文件 807 字节
[2025-10-31 09:56:13][INFO] [Reader 29033] 收到结束标志，读取完成
[2025-10-31 09:56:13][INFO] [Reader 29033] 成功完成写入，总计 807 字节
[2025-10-31 09:56:13][INFO] [Writer 29032] 写入完成，总计 807 字节
[2025-10-31 09:56:13][DEBUG] [Reader 29033] 退出读进程
[2025-10-31 09:56:13][DEBUG] [Writer 29032] 退出写进程
[2025-10-31 09:56:21][DEBUG] fb_move_file_helper 开始
[2025-10-31 09:56:21][DEBUG] run_in_process 开始
[2025-10-31 09:56:21][DEBUG] fb_move_file_helper 在子进程中开始执行文件移动
[2025-10-31 09:56:21][INFO] [Parent 29035] 初始化共享内存
[2025-10-31 09:56:21][INFO] 共享内存初始化成功: file_block, size=1024
[2025-10-31 09:56:21][INFO] [Parent 29035] 创建写进程...
[2025-10-31 09:56:21][INFO] [Parent 29035] 写进程创建成功，PID: 29036
[2025-10-31 09:56:21][INFO] [Parent 29035] 创建读进程...
[2025-10-31 09:56:21][INFO] [Writer 29036] 启动，准备写入共享内存
[2025-10-31 09:56:21][DEBUG] [Writer 29036] 已写入 807 字节到共享内存
[2025-10-31 09:56:21][INFO] [Parent 29035] 读进程创建成功，PID: 29037
[2025-10-31 09:56:21][INFO] [Parent 29035] 等待写进程结束...
[2025-10-31 09:56:21][INFO] [Reader 29037] 启动，准备从共享内存读取数据
[2025-10-31 09:56:21][DEBUG] [Reader 29037] 已写入目标文件 807 字节
[2025-10-31 09:56:21][INFO] [Writer 29036] 写入完成，总计 807 字节
[2025-10-31 09:56:21][INFO] [Reader 29037] 收到结束标志，读取完成
[2025-10-31 09:56:21][INFO] [Reader 29037] 成功完成写入，总计 807 字节
[2025-10-31 09:56:21][DEBUG] [Writer 29036] 退出写进程
[2025-10-31 09:56:21][DEBUG] [Reader 29037] 退出读进程
